[debug] [2021-12-31T07:38:07.773Z] ----------------------------------------------------------------------
[debug] [2021-12-31T07:38:07.774Z] Command:       C:\Program Files\nodejs\node.exe C:\Users\phuc0\AppData\Roaming\npm\node_modules\firebase-tools\lib\bin\firebase.js emulators:start
[debug] [2021-12-31T07:38:07.775Z] CLI Version:   10.0.1
[debug] [2021-12-31T07:38:07.775Z] Platform:      win32
[debug] [2021-12-31T07:38:07.775Z] Node Version:  v16.13.0
[debug] [2021-12-31T07:38:07.776Z] Time:          Fri Dec 31 2021 14:38:07 GMT+0700 (Indochina Time)
[debug] [2021-12-31T07:38:07.776Z] ----------------------------------------------------------------------
[debug] 
[debug] [2021-12-31T07:38:07.829Z] > command requires scopes: ["email","openid","https://www.googleapis.com/auth/cloudplatformprojects.readonly","https://www.googleapis.com/auth/firebase","https://www.googleapis.com/auth/cloud-platform"]
[debug] [2021-12-31T07:38:07.829Z] > authorizing via signed-in user (phuc0981699548@gmail.com)
[info] i  emulators: Starting emulators: hosting {"metadata":{"emulator":{"name":"hub"},"message":"Starting emulators: hosting"}}
[debug] [2021-12-31T07:38:07.856Z] [hub] writing locator at C:\Users\phuc0\AppData\Local\Temp\hub-netflix-8e3f3.json
[debug] [2021-12-31T07:38:07.879Z] > refreshing access token with scopes: []
[debug] [2021-12-31T07:38:07.880Z] >>> HTTP REQUEST POST https://www.googleapis.com/oauth2/v3/token  
 <request body omitted>
[debug] [2021-12-31T07:38:08.031Z] <<< HTTP RESPONSE 200 {"expires":"Mon, 01 Jan 1990 00:00:00 GMT","cache-control":"no-cache, no-store, max-age=0, must-revalidate","pragma":"no-cache","date":"Fri, 31 Dec 2021 07:38:02 GMT","content-type":"application/json; charset=utf-8","vary":"X-Origin, Referer, Origin,Accept-Encoding","server":"scaffolding on HTTPServer2","x-xss-protection":"0","x-frame-options":"SAMEORIGIN","x-content-type-options":"nosniff","alt-svc":"h3=\":443\"; ma=2592000,h3-29=\":443\"; ma=2592000,h3-Q050=\":443\"; ma=2592000,h3-Q046=\":443\"; ma=2592000,h3-Q043=\":443\"; ma=2592000,quic=\":443\"; ma=2592000; v=\"46,43\"","accept-ranges":"none","transfer-encoding":"chunked"}
[debug] [2021-12-31T07:38:08.041Z] >>> [apiv2][query] GET https://firebasehosting.googleapis.com/v1beta1/projects/netflix-8e3f3/sites 
[debug] [2021-12-31T07:38:09.368Z] <<< [apiv2][status] GET https://firebasehosting.googleapis.com/v1beta1/projects/netflix-8e3f3/sites 200
[debug] [2021-12-31T07:38:09.368Z] <<< [apiv2][body] GET https://firebasehosting.googleapis.com/v1beta1/projects/netflix-8e3f3/sites {"sites":[{"name":"projects/786629868583/sites/netflix-8e3f3","defaultUrl":"https://netflix-8e3f3.web.app","appId":"1:786629868583:web:73e730017cf85d29d42202","type":"DEFAULT_SITE"}]}
[debug] [2021-12-31T07:38:09.369Z] >>> [apiv2][query] GET https://firebase.googleapis.com/v1beta1/projects/netflix-8e3f3/webApps/1:786629868583:web:73e730017cf85d29d42202/config [none]
[debug] [2021-12-31T07:38:10.698Z] <<< [apiv2][status] GET https://firebase.googleapis.com/v1beta1/projects/netflix-8e3f3/webApps/1:786629868583:web:73e730017cf85d29d42202/config 200
[debug] [2021-12-31T07:38:10.698Z] <<< [apiv2][body] GET https://firebase.googleapis.com/v1beta1/projects/netflix-8e3f3/webApps/1:786629868583:web:73e730017cf85d29d42202/config {"projectId":"netflix-8e3f3","appId":"1:786629868583:web:73e730017cf85d29d42202","storageBucket":"netflix-8e3f3.appspot.com","apiKey":"AIzaSyBuWlenuJ1ffbS59c_FsDbS6bF6zlfPuNE","authDomain":"netflix-8e3f3.firebaseapp.com","messagingSenderId":"786629868583","measurementId":"G-27301FC72E"}
[info] i  hosting: Serving hosting files from: build {"metadata":{"emulator":{"name":"hosting"},"message":"Serving hosting files from: \u001b[1mbuild\u001b[22m"}}
[info] +  hosting: Local server: http://localhost:5000 {"metadata":{"emulator":{"name":"hosting"},"message":"Local server: \u001b[4m\u001b[1mhttp://localhost:5000\u001b[22m\u001b[24m"}}
[warn] !  emulators: The Emulator UI requires a project ID to start. Configure your default project with 'firebase use' or pass the --project flag. {"metadata":{"emulator":{"name":"hub"},"message":"The Emulator UI requires a project ID to start. Configure your default project with 'firebase use' or pass the --project flag."}}
[info] 
┌─────────────────────────────────────────────────────────────┐
│ ✔  All emulators ready! It is now safe to connect your app. │
└─────────────────────────────────────────────────────────────┘

┌──────────┬────────────────┐
│ Emulator │ Host:Port      │
├──────────┼────────────────┤
│ Hosting  │ localhost:5000 │
└──────────┴────────────────┘
  Emulator Hub running at localhost:4400
  Other reserved ports: None

Issues? Report them at https://github.com/firebase/firebase-tools/issues and attach the *-debug.log files.
 
